{"/Users/kao/Developer/interview/levelpath-kao/app/actions.ts": {"path":"/Users/kao/Developer/interview/levelpath-kao/app/actions.ts","statementMap":{"0":{"start":{"line":5,"column":0},"end":{"line":5,"column":22}},"1":{"start":{"line":7,"column":15},"end":{"line":7,"column":23}},"2":{"start":{"line":10,"column":2},"end":{"line":36,"column":3}},"3":{"start":{"line":11,"column":4},"end":{"line":17,"column":5}},"4":{"start":{"line":12,"column":6},"end":{"line":16,"column":8}},"5":{"start":{"line":18,"column":18},"end":{"line":18,"column":44}},"6":{"start":{"line":19,"column":16},"end":{"line":19,"column":37}},"7":{"start":{"line":20,"column":21},"end":{"line":21,"column":null}},"8":{"start":{"line":24,"column":4},"end":{"line":26,"column":5}},"9":{"start":{"line":25,"column":6},"end":{"line":25,"column":44}},"10":{"start":{"line":27,"column":17},"end":{"line":27,"column":38}},"11":{"start":{"line":28,"column":4},"end":{"line":28,"column":48}},"12":{"start":{"line":31,"column":4},"end":{"line":35,"column":6}}},"fnMap":{"0":{"name":"fetchBirthdays","decl":{"start":{"line":5,"column":22},"end":{"line":5,"column":36}},"loc":{"start":{"line":5,"column":69},"end":{"line":37,"column":null}}}},"branchMap":{"0":{"loc":{"start":{"line":11,"column":4},"end":{"line":17,"column":5}},"type":"if","locations":[{"start":{"line":11,"column":4},"end":{"line":17,"column":5}}]},"1":{"loc":{"start":{"line":11,"column":8},"end":{"line":11,"column":39}},"type":"binary-expr","locations":[{"start":{"line":11,"column":8},"end":{"line":11,"column":20}},{"start":{"line":11,"column":24},"end":{"line":11,"column":39}}]},"2":{"loc":{"start":{"line":11,"column":8},"end":{"line":11,"column":20}},"type":"cond-expr","locations":[{"start":{"line":11,"column":14},"end":{"line":11,"column":16}},{"start":{"line":11,"column":8},"end":{"line":11,"column":20}}]},"3":{"loc":{"start":{"line":11,"column":8},"end":{"line":11,"column":16}},"type":"binary-expr","locations":[{"start":{"line":11,"column":8},"end":{"line":11,"column":16}},{"start":{"line":11,"column":8},"end":{"line":11,"column":16}}]},"4":{"loc":{"start":{"line":11,"column":25},"end":{"line":11,"column":37}},"type":"cond-expr","locations":[{"start":{"line":11,"column":31},"end":{"line":11,"column":33}},{"start":{"line":11,"column":25},"end":{"line":11,"column":37}}]},"5":{"loc":{"start":{"line":11,"column":25},"end":{"line":11,"column":33}},"type":"binary-expr","locations":[{"start":{"line":11,"column":25},"end":{"line":11,"column":33}},{"start":{"line":11,"column":25},"end":{"line":11,"column":33}}]},"6":{"loc":{"start":{"line":24,"column":4},"end":{"line":26,"column":5}},"type":"if","locations":[{"start":{"line":24,"column":4},"end":{"line":26,"column":5}}]},"7":{"loc":{"start":{"line":33,"column":13},"end":{"line":33,"column":69}},"type":"cond-expr","locations":[{"start":{"line":33,"column":38},"end":{"line":33,"column":51}},{"start":{"line":33,"column":54},"end":{"line":33,"column":69}}]}},"s":{"0":1,"1":6,"2":6,"3":6,"4":2,"5":4,"6":4,"7":4,"8":2,"9":1,"10":1,"11":1,"12":3},"f":{"0":6},"b":{"0":[2],"1":[6,5],"2":[0,6],"3":[6,6],"4":[0,5],"5":[5,5],"6":[1],"7":[2,1]}}
,"/Users/kao/Developer/interview/levelpath-kao/lib/utils.ts": {"path":"/Users/kao/Developer/interview/levelpath-kao/lib/utils.ts","statementMap":{"0":{"start":{"line":5,"column":0},"end":{"line":5,"column":16}},"1":{"start":{"line":10,"column":0},"end":{"line":10,"column":16}},"2":{"start":{"line":27,"column":0},"end":{"line":27,"column":16}},"3":{"start":{"line":2,"column":0},"end":{"line":2,"column":45}},"4":{"start":{"line":3,"column":0},"end":{"line":3,"column":41}},"5":{"start":{"line":6,"column":2},"end":{"line":6,"column":31}},"6":{"start":{"line":11,"column":2},"end":{"line":23,"column":3}},"7":{"start":{"line":12,"column":4},"end":{"line":20,"column":7}},"8":{"start":{"line":13,"column":6},"end":{"line":15,"column":7}},"9":{"start":{"line":14,"column":8},"end":{"line":14,"column":18}},"10":{"start":{"line":16,"column":6},"end":{"line":18,"column":7}},"11":{"start":{"line":17,"column":8},"end":{"line":17,"column":17}},"12":{"start":{"line":19,"column":6},"end":{"line":19,"column":15}},"13":{"start":{"line":22,"column":4},"end":{"line":22,"column":14}},"14":{"start":{"line":28,"column":2},"end":{"line":30,"column":3}},"15":{"start":{"line":29,"column":4},"end":{"line":29,"column":14}},"16":{"start":{"line":31,"column":2},"end":{"line":41,"column":4}},"17":{"start":{"line":33,"column":18},"end":{"line":33,"column":26}},"18":{"start":{"line":34,"column":6},"end":{"line":36,"column":7}},"19":{"start":{"line":35,"column":8},"end":{"line":35,"column":22}},"20":{"start":{"line":37,"column":6},"end":{"line":37,"column":25}},"21":{"start":{"line":38,"column":6},"end":{"line":38,"column":17}}},"fnMap":{"0":{"name":"cn","decl":{"start":{"line":5,"column":16},"end":{"line":5,"column":18}},"loc":{"start":{"line":5,"column":42},"end":{"line":7,"column":1}}},"1":{"name":"sortBirthdays","decl":{"start":{"line":10,"column":16},"end":{"line":10,"column":29}},"loc":{"start":{"line":10,"column":71},"end":{"line":24,"column":1}}},"2":{"name":"(anonymous_2)","decl":{"start":{"line":12,"column":26},"end":{"line":12,"column":27}},"loc":{"start":{"line":12,"column":35},"end":{"line":20,"column":5}}},"3":{"name":"groupByYear","decl":{"start":{"line":27,"column":16},"end":{"line":27,"column":27}},"loc":{"start":{"line":27,"column":65},"end":{"line":42,"column":1}}},"4":{"name":"(anonymous_4)","decl":{"start":{"line":32,"column":4},"end":{"line":32,"column":5}},"loc":{"start":{"line":32,"column":61},"end":{"line":39,"column":5}}}},"branchMap":{"0":{"loc":{"start":{"line":11,"column":2},"end":{"line":23,"column":3}},"type":"if","locations":[{"start":{"line":11,"column":2},"end":{"line":23,"column":3}},{"start":{"line":21,"column":9},"end":{"line":23,"column":3}}]},"1":{"loc":{"start":{"line":13,"column":6},"end":{"line":15,"column":7}},"type":"if","locations":[{"start":{"line":13,"column":6},"end":{"line":15,"column":7}}]},"2":{"loc":{"start":{"line":16,"column":6},"end":{"line":18,"column":7}},"type":"if","locations":[{"start":{"line":16,"column":6},"end":{"line":18,"column":7}}]},"3":{"loc":{"start":{"line":28,"column":2},"end":{"line":30,"column":3}},"type":"if","locations":[{"start":{"line":28,"column":2},"end":{"line":30,"column":3}}]},"4":{"loc":{"start":{"line":34,"column":6},"end":{"line":36,"column":7}},"type":"if","locations":[{"start":{"line":34,"column":6},"end":{"line":36,"column":7}}]}},"s":{"0":2,"1":2,"2":2,"3":2,"4":2,"5":0,"6":7,"7":6,"8":11,"9":3,"10":8,"11":6,"12":2,"13":1,"14":7,"15":0,"16":7,"17":15,"18":15,"19":10,"20":15,"21":15},"f":{"0":0,"1":7,"2":11,"3":7,"4":15},"b":{"0":[6,1],"1":[3],"2":[6],"3":[0],"4":[10]}}
}
