{"/Users/kao/Developer/interview/levelpath-kao/app/actions.ts": {"path":"/Users/kao/Developer/interview/levelpath-kao/app/actions.ts","statementMap":{"0":{"start":{"line":5,"column":22},"end":{"line":5,"column":37}},"1":{"start":{"line":7,"column":15},"end":{"line":7,"column":25}},"2":{"start":{"line":10,"column":2},"end":{"line":36,"column":null}},"3":{"start":{"line":11,"column":4},"end":{"line":17,"column":null}},"4":{"start":{"line":12,"column":6},"end":{"line":16,"column":null}},"5":{"start":{"line":18,"column":18},"end":{"line":18,"column":null}},"6":{"start":{"line":19,"column":16},"end":{"line":19,"column":null}},"7":{"start":{"line":20,"column":21},"end":{"line":21,"column":null}},"8":{"start":{"line":24,"column":4},"end":{"line":26,"column":null}},"9":{"start":{"line":25,"column":6},"end":{"line":25,"column":null}},"10":{"start":{"line":27,"column":17},"end":{"line":27,"column":null}},"11":{"start":{"line":28,"column":4},"end":{"line":28,"column":null}},"12":{"start":{"line":31,"column":4},"end":{"line":35,"column":null}}},"fnMap":{"0":{"name":"fetchBirthdays","decl":{"start":{"line":5,"column":22},"end":{"line":5,"column":37}},"loc":{"start":{"line":5,"column":69},"end":{"line":37,"column":null}}}},"branchMap":{"0":{"loc":{"start":{"line":11,"column":4},"end":{"line":17,"column":null}},"type":"if","locations":[{"start":{"line":11,"column":4},"end":{"line":17,"column":null}}]},"1":{"loc":{"start":{"line":11,"column":8},"end":{"line":11,"column":39}},"type":"binary-expr","locations":[{"start":{"line":11,"column":8},"end":{"line":11,"column":24}},{"start":{"line":11,"column":24},"end":{"line":11,"column":39}}]},"2":{"loc":{"start":{"line":24,"column":4},"end":{"line":26,"column":null}},"type":"if","locations":[{"start":{"line":24,"column":4},"end":{"line":26,"column":null}}]},"3":{"loc":{"start":{"line":33,"column":13},"end":{"line":33,"column":null}},"type":"cond-expr","locations":[{"start":{"line":33,"column":38},"end":{"line":33,"column":51}},{"start":{"line":33,"column":54},"end":{"line":33,"column":null}}]}},"s":{"0":6,"1":6,"2":6,"3":6,"4":2,"5":4,"6":4,"7":4,"8":2,"9":1,"10":1,"11":1,"12":3},"f":{"0":6},"b":{"0":[2],"1":[6,5],"2":[1],"3":[2,1]}}
,"/Users/kao/Developer/interview/levelpath-kao/components/features/TablePagination.tsx": {"path":"/Users/kao/Developer/interview/levelpath-kao/components/features/TablePagination.tsx","statementMap":{"0":{"start":{"line":72,"column":0},"end":{"line":72,"column":15}},"1":{"start":{"line":1,"column":17},"end":{"line":1,"column":null}},"2":{"start":{"line":9,"column":7},"end":{"line":9,"column":null}},"3":{"start":{"line":11,"column":24},"end":{"line":70,"column":null}},"4":{"start":{"line":30,"column":14},"end":{"line":30,"column":null}},"5":{"start":{"line":30,"column":37},"end":{"line":30,"column":null}},"6":{"start":{"line":31,"column":14},"end":{"line":31,"column":null}},"7":{"start":{"line":36,"column":10},"end":{"line":37,"column":null}},"8":{"start":{"line":47,"column":16},"end":{"line":47,"column":null}},"9":{"start":{"line":62,"column":14},"end":{"line":62,"column":null}},"10":{"start":{"line":62,"column":46},"end":{"line":62,"column":null}},"11":{"start":{"line":63,"column":14},"end":{"line":63,"column":null}},"12":{"start":{"line":72,"column":15},"end":{"line":72,"column":null}}},"fnMap":{"0":{"name":"(anonymous_2)","decl":{"start":{"line":11,"column":24},"end":{"line":11,"column":25}},"loc":{"start":{"line":19,"column":1},"end":{"line":70,"column":null}}},"1":{"name":"(anonymous_3)","decl":{"start":{"line":29,"column":21},"end":{"line":29,"column":null}},"loc":{"start":{"line":29,"column":21},"end":{"line":32,"column":null}}},"2":{"name":"(anonymous_4)","decl":{"start":{"line":35,"column":36},"end":{"line":35,"column":37}},"loc":{"start":{"line":36,"column":10},"end":{"line":37,"column":null}}},"3":{"name":"(anonymous_5)","decl":{"start":{"line":46,"column":23},"end":{"line":46,"column":null}},"loc":{"start":{"line":46,"column":23},"end":{"line":48,"column":null}}},"4":{"name":"(anonymous_6)","decl":{"start":{"line":61,"column":21},"end":{"line":61,"column":null}},"loc":{"start":{"line":61,"column":21},"end":{"line":64,"column":null}}}},"branchMap":{"0":{"loc":{"start":{"line":30,"column":14},"end":{"line":30,"column":null}},"type":"if","locations":[{"start":{"line":30,"column":14},"end":{"line":30,"column":null}}]},"1":{"loc":{"start":{"line":40,"column":16},"end":{"line":42,"column":null}},"type":"binary-expr","locations":[{"start":{"line":40,"column":16},"end":{"line":40,"column":null}},{"start":{"line":41,"column":16},"end":{"line":41,"column":null}},{"start":{"line":42,"column":16},"end":{"line":42,"column":null}}]},"2":{"loc":{"start":{"line":62,"column":14},"end":{"line":62,"column":null}},"type":"if","locations":[{"start":{"line":62,"column":14},"end":{"line":62,"column":null}}]}},"s":{"0":8,"1":1,"2":1,"3":1,"4":2,"5":1,"6":1,"7":40,"8":1,"9":2,"10":1,"11":1,"12":1},"f":{"0":8,"1":2,"2":40,"3":1,"4":2},"b":{"0":[1],"1":[40,32,26],"2":[1]}}
,"/Users/kao/Developer/interview/levelpath-kao/components/ui/button.tsx": {"path":"/Users/kao/Developer/interview/levelpath-kao/components/ui/button.tsx","statementMap":{"0":{"start":{"line":56,"column":9},"end":{"line":56,"column":15}},"1":{"start":{"line":56,"column":17},"end":{"line":56,"column":31}},"2":{"start":{"line":1,"column":23},"end":{"line":1,"column":null}},"3":{"start":{"line":2,"column":21},"end":{"line":2,"column":null}},"4":{"start":{"line":3,"column":39},"end":{"line":3,"column":null}},"5":{"start":{"line":5,"column":19},"end":{"line":5,"column":null}},"6":{"start":{"line":7,"column":23},"end":{"line":33,"column":null}},"7":{"start":{"line":42,"column":15},"end":{"line":52,"column":null}},"8":{"start":{"line":44,"column":17},"end":{"line":44,"column":null}},"9":{"start":{"line":54,"column":0},"end":{"line":54,"column":null}}},"fnMap":{"0":{"name":"(anonymous_6)","decl":{"start":{"line":43,"column":2},"end":{"line":43,"column":3}},"loc":{"start":{"line":43,"column":60},"end":{"line":52,"column":null}}}},"branchMap":{"0":{"loc":{"start":{"line":43,"column":31},"end":{"line":43,"column":46}},"type":"default-arg","locations":[{"start":{"line":43,"column":41},"end":{"line":43,"column":46}}]},"1":{"loc":{"start":{"line":44,"column":17},"end":{"line":44,"column":null}},"type":"cond-expr","locations":[{"start":{"line":44,"column":27},"end":{"line":44,"column":31}},{"start":{"line":44,"column":34},"end":{"line":44,"column":null}}]}},"s":{"0":0,"1":56,"2":1,"3":1,"4":1,"5":1,"6":1,"7":1,"8":0,"9":1},"f":{"0":0},"b":{"0":[0],"1":[0,0]}}
,"/Users/kao/Developer/interview/levelpath-kao/components/ui/pagination.tsx": {"path":"/Users/kao/Developer/interview/levelpath-kao/components/ui/pagination.tsx","statementMap":{"0":{"start":{"line":110,"column":2},"end":{"line":110,"column":12}},"1":{"start":{"line":111,"column":2},"end":{"line":111,"column":19}},"2":{"start":{"line":112,"column":2},"end":{"line":112,"column":20}},"3":{"start":{"line":113,"column":2},"end":{"line":113,"column":16}},"4":{"start":{"line":114,"column":2},"end":{"line":114,"column":16}},"5":{"start":{"line":115,"column":2},"end":{"line":115,"column":16}},"6":{"start":{"line":116,"column":2},"end":{"line":116,"column":20}},"7":{"start":{"line":1,"column":23},"end":{"line":1,"column":null}},"8":{"start":{"line":2,"column":58},"end":{"line":2,"column":null}},"9":{"start":{"line":4,"column":19},"end":{"line":4,"column":null}},"10":{"start":{"line":5,"column":44},"end":{"line":5,"column":null}},"11":{"start":{"line":15,"column":0},"end":{"line":15,"column":null}},"12":{"start":{"line":27,"column":0},"end":{"line":27,"column":null}},"13":{"start":{"line":35,"column":0},"end":{"line":35,"column":null}},"14":{"start":{"line":60,"column":0},"end":{"line":60,"column":null}},"15":{"start":{"line":76,"column":0},"end":{"line":76,"column":null}},"16":{"start":{"line":92,"column":0},"end":{"line":92,"column":null}},"17":{"start":{"line":107,"column":0},"end":{"line":107,"column":null}}},"fnMap":{},"branchMap":{"0":{"loc":{"start":{"line":45,"column":2},"end":{"line":45,"column":15}},"type":"default-arg","locations":[{"start":{"line":45,"column":9},"end":{"line":45,"column":15}}]},"1":{"loc":{"start":{"line":49,"column":18},"end":{"line":49,"column":null}},"type":"cond-expr","locations":[{"start":{"line":49,"column":29},"end":{"line":49,"column":38}},{"start":{"line":49,"column":38},"end":{"line":49,"column":null}}]},"2":{"loc":{"start":{"line":52,"column":17},"end":{"line":52,"column":null}},"type":"cond-expr","locations":[{"start":{"line":52,"column":28},"end":{"line":52,"column":40}},{"start":{"line":52,"column":40},"end":{"line":52,"column":null}}]}},"s":{"0":8,"1":8,"2":0,"3":56,"4":40,"5":8,"6":8,"7":1,"8":1,"9":1,"10":1,"11":1,"12":1,"13":1,"14":1,"15":1,"16":1,"17":1},"f":{},"b":{"0":[40],"1":[8,48],"2":[8,48]}}
,"/Users/kao/Developer/interview/levelpath-kao/context/SettingsContext.tsx": {"path":"/Users/kao/Developer/interview/levelpath-kao/context/SettingsContext.tsx","statementMap":{"0":{"start":{"line":35,"column":9},"end":{"line":35,"column":25}},"1":{"start":{"line":35,"column":27},"end":{"line":35,"column":45}},"2":{"start":{"line":3,"column":63},"end":{"line":3,"column":null}},"3":{"start":{"line":12,"column":24},"end":{"line":12,"column":null}},"4":{"start":{"line":14,"column":25},"end":{"line":23,"column":null}},"5":{"start":{"line":15,"column":26},"end":{"line":15,"column":null}},"6":{"start":{"line":16,"column":26},"end":{"line":16,"column":null}},"7":{"start":{"line":25,"column":27},"end":{"line":33,"column":null}},"8":{"start":{"line":26,"column":18},"end":{"line":26,"column":null}},"9":{"start":{"line":27,"column":2},"end":{"line":31,"column":null}},"10":{"start":{"line":28,"column":4},"end":{"line":29,"column":null}},"11":{"start":{"line":32,"column":2},"end":{"line":32,"column":null}}},"fnMap":{"0":{"name":"(anonymous_3)","decl":{"start":{"line":14,"column":25},"end":{"line":14,"column":26}},"loc":{"start":{"line":14,"column":63},"end":{"line":23,"column":null}}},"1":{"name":"(anonymous_4)","decl":{"start":{"line":25,"column":27},"end":{"line":25,"column":null}},"loc":{"start":{"line":25,"column":27},"end":{"line":33,"column":null}}}},"branchMap":{"0":{"loc":{"start":{"line":27,"column":2},"end":{"line":31,"column":null}},"type":"if","locations":[{"start":{"line":27,"column":2},"end":{"line":31,"column":null}}]}},"s":{"0":3,"1":9,"2":1,"3":1,"4":1,"5":5,"6":5,"7":1,"8":9,"9":8,"10":4,"11":4},"f":{"0":5,"1":9},"b":{"0":[4]}}
,"/Users/kao/Developer/interview/levelpath-kao/lib/utils.ts": {"path":"/Users/kao/Developer/interview/levelpath-kao/lib/utils.ts","statementMap":{"0":{"start":{"line":5,"column":16},"end":{"line":5,"column":18}},"1":{"start":{"line":27,"column":16},"end":{"line":27,"column":27}},"2":{"start":{"line":10,"column":16},"end":{"line":10,"column":29}},"3":{"start":{"line":2,"column":38},"end":{"line":2,"column":null}},"4":{"start":{"line":3,"column":24},"end":{"line":3,"column":null}},"5":{"start":{"line":6,"column":2},"end":{"line":6,"column":null}},"6":{"start":{"line":11,"column":2},"end":{"line":23,"column":null}},"7":{"start":{"line":12,"column":4},"end":{"line":20,"column":null}},"8":{"start":{"line":13,"column":6},"end":{"line":15,"column":null}},"9":{"start":{"line":14,"column":8},"end":{"line":14,"column":null}},"10":{"start":{"line":16,"column":6},"end":{"line":18,"column":null}},"11":{"start":{"line":17,"column":8},"end":{"line":17,"column":null}},"12":{"start":{"line":19,"column":6},"end":{"line":19,"column":null}},"13":{"start":{"line":22,"column":4},"end":{"line":22,"column":null}},"14":{"start":{"line":28,"column":2},"end":{"line":30,"column":null}},"15":{"start":{"line":29,"column":4},"end":{"line":29,"column":null}},"16":{"start":{"line":31,"column":2},"end":{"line":40,"column":null}},"17":{"start":{"line":33,"column":18},"end":{"line":33,"column":26}},"18":{"start":{"line":34,"column":6},"end":{"line":36,"column":null}},"19":{"start":{"line":35,"column":8},"end":{"line":35,"column":null}},"20":{"start":{"line":37,"column":6},"end":{"line":37,"column":null}},"21":{"start":{"line":38,"column":6},"end":{"line":38,"column":null}}},"fnMap":{"0":{"name":"cn","decl":{"start":{"line":5,"column":16},"end":{"line":5,"column":18}},"loc":{"start":{"line":5,"column":42},"end":{"line":7,"column":null}}},"1":{"name":"sortBirthdays","decl":{"start":{"line":10,"column":16},"end":{"line":10,"column":29}},"loc":{"start":{"line":10,"column":71},"end":{"line":24,"column":null}}},"2":{"name":"(anonymous_6)","decl":{"start":{"line":12,"column":26},"end":{"line":12,"column":27}},"loc":{"start":{"line":12,"column":30},"end":{"line":20,"column":null}}},"3":{"name":"groupByYear","decl":{"start":{"line":27,"column":16},"end":{"line":27,"column":27}},"loc":{"start":{"line":27,"column":65},"end":{"line":42,"column":null}}},"4":{"name":"(anonymous_8)","decl":{"start":{"line":32,"column":4},"end":{"line":32,"column":5}},"loc":{"start":{"line":32,"column":54},"end":{"line":39,"column":null}}}},"branchMap":{"0":{"loc":{"start":{"line":11,"column":2},"end":{"line":23,"column":null}},"type":"if","locations":[{"start":{"line":11,"column":2},"end":{"line":23,"column":null}},{"start":{"line":21,"column":9},"end":{"line":23,"column":null}}]},"1":{"loc":{"start":{"line":13,"column":6},"end":{"line":15,"column":null}},"type":"if","locations":[{"start":{"line":13,"column":6},"end":{"line":15,"column":null}}]},"2":{"loc":{"start":{"line":16,"column":6},"end":{"line":18,"column":null}},"type":"if","locations":[{"start":{"line":16,"column":6},"end":{"line":18,"column":null}}]},"3":{"loc":{"start":{"line":28,"column":2},"end":{"line":30,"column":null}},"type":"if","locations":[{"start":{"line":28,"column":2},"end":{"line":30,"column":null}}]},"4":{"loc":{"start":{"line":34,"column":6},"end":{"line":36,"column":null}},"type":"if","locations":[{"start":{"line":34,"column":6},"end":{"line":36,"column":null}}]}},"s":{"0":144,"1":7,"2":7,"3":3,"4":3,"5":144,"6":7,"7":6,"8":11,"9":3,"10":8,"11":6,"12":2,"13":1,"14":7,"15":0,"16":7,"17":15,"18":15,"19":10,"20":15,"21":15},"f":{"0":144,"1":7,"2":11,"3":7,"4":15},"b":{"0":[6,1],"1":[3],"2":[6],"3":[0],"4":[10]}}
}
