TN:
SF:app/actions.ts
FN:5,fetchBirthdays
FNF:1
FNH:1
FNDA:6,fetchBirthdays
DA:5,1
DA:7,6
DA:10,6
DA:11,6
DA:12,2
DA:18,4
DA:19,4
DA:20,4
DA:24,2
DA:25,1
DA:27,1
DA:28,1
DA:31,3
LF:13
LH:13
BRDA:11,0,0,2
BRDA:11,1,0,6
BRDA:11,1,1,5
BRDA:11,2,0,0
BRDA:11,2,1,6
BRDA:11,3,0,6
BRDA:11,3,1,6
BRDA:11,4,0,0
BRDA:11,4,1,5
BRDA:11,5,0,5
BRDA:11,5,1,5
BRDA:24,6,0,1
BRDA:33,7,0,2
BRDA:33,7,1,1
BRF:14
BRH:12
end_of_record
TN:
SF:lib/utils.ts
FN:5,cn
FN:10,sortBirthdays
FN:12,(anonymous_2)
FN:27,groupByYear
FN:32,(anonymous_4)
FNF:5
FNH:4
FNDA:0,cn
FNDA:7,sortBirthdays
FNDA:11,(anonymous_2)
FNDA:7,groupByYear
FNDA:15,(anonymous_4)
DA:2,2
DA:3,2
DA:5,2
DA:6,0
DA:10,2
DA:11,7
DA:12,6
DA:13,11
DA:14,3
DA:16,8
DA:17,6
DA:19,2
DA:22,1
DA:27,2
DA:28,7
DA:29,0
DA:31,7
DA:33,15
DA:34,15
DA:35,10
DA:37,15
DA:38,15
LF:22
LH:20
BRDA:11,0,0,6
BRDA:11,0,1,1
BRDA:13,1,0,3
BRDA:16,2,0,6
BRDA:28,3,0,0
BRDA:34,4,0,10
BRF:6
BRH:5
end_of_record
