TN:
SF:app/actions.ts
FN:5,fetchBirthdays
FNF:1
FNH:1
FNDA:6,fetchBirthdays
DA:5,6
DA:7,6
DA:10,6
DA:11,6
DA:12,2
DA:18,4
DA:19,4
DA:20,4
DA:24,2
DA:25,1
DA:27,1
DA:28,1
DA:31,3
LF:13
LH:13
BRDA:11,0,0,2
BRDA:11,1,0,6
BRDA:11,1,1,5
BRDA:24,2,0,1
BRDA:33,3,0,2
BRDA:33,3,1,1
BRF:6
BRH:6
end_of_record
TN:
SF:components/features/TablePagination.tsx
FN:11,(anonymous_2)
FN:29,(anonymous_3)
FN:35,(anonymous_4)
FN:46,(anonymous_5)
FN:61,(anonymous_6)
FNF:5
FNH:5
FNDA:8,(anonymous_2)
FNDA:2,(anonymous_3)
FNDA:40,(anonymous_4)
FNDA:1,(anonymous_5)
FNDA:2,(anonymous_6)
DA:1,1
DA:9,1
DA:11,1
DA:30,2
DA:31,1
DA:36,40
DA:47,1
DA:62,2
DA:63,1
DA:72,8
LF:10
LH:10
BRDA:30,0,0,1
BRDA:40,1,0,40
BRDA:40,1,1,32
BRDA:40,1,2,26
BRDA:62,2,0,1
BRF:5
BRH:5
end_of_record
TN:
SF:components/ui/button.tsx
FN:43,(anonymous_6)
FNF:1
FNH:0
FNDA:0,(anonymous_6)
DA:1,1
DA:2,1
DA:3,1
DA:5,1
DA:7,1
DA:42,1
DA:44,0
DA:54,1
DA:56,56
LF:9
LH:8
BRDA:43,0,0,0
BRDA:44,1,0,0
BRDA:44,1,1,0
BRF:3
BRH:0
end_of_record
TN:
SF:components/ui/pagination.tsx
FNF:0
FNH:0
DA:1,1
DA:2,1
DA:4,1
DA:5,1
DA:15,1
DA:27,1
DA:35,1
DA:60,1
DA:76,1
DA:92,1
DA:107,1
DA:110,8
DA:111,8
DA:112,0
DA:113,56
DA:114,40
DA:115,8
DA:116,8
LF:18
LH:17
BRDA:45,0,0,40
BRDA:49,1,0,8
BRDA:49,1,1,48
BRDA:52,2,0,8
BRDA:52,2,1,48
BRF:5
BRH:5
end_of_record
TN:
SF:context/SettingsContext.tsx
FN:14,(anonymous_3)
FN:25,(anonymous_4)
FNF:2
FNH:2
FNDA:5,(anonymous_3)
FNDA:9,(anonymous_4)
DA:3,1
DA:12,1
DA:14,1
DA:15,5
DA:16,5
DA:25,1
DA:26,9
DA:27,8
DA:28,4
DA:32,4
DA:35,9
LF:11
LH:11
BRDA:27,0,0,4
BRF:1
BRH:1
end_of_record
TN:
SF:lib/utils.ts
FN:5,cn
FN:10,sortBirthdays
FN:12,(anonymous_6)
FN:27,groupByYear
FN:32,(anonymous_8)
FNF:5
FNH:5
FNDA:144,cn
FNDA:7,sortBirthdays
FNDA:11,(anonymous_6)
FNDA:7,groupByYear
FNDA:15,(anonymous_8)
DA:2,3
DA:3,3
DA:5,144
DA:6,144
DA:10,7
DA:11,7
DA:12,6
DA:13,11
DA:14,3
DA:16,8
DA:17,6
DA:19,2
DA:22,1
DA:27,7
DA:28,7
DA:29,0
DA:31,7
DA:33,15
DA:34,15
DA:35,10
DA:37,15
DA:38,15
LF:22
LH:21
BRDA:11,0,0,6
BRDA:11,0,1,1
BRDA:13,1,0,3
BRDA:16,2,0,6
BRDA:28,3,0,0
BRDA:34,4,0,10
BRF:6
BRH:5
end_of_record
